Using pre-set license
Built from '2020.3/staging' branch; Version is '2020.3.17f1 (a4537701e4ab) revision 10769271'; Using compiler version '192528614'; Build Type 'Release'
OS: 'Windows 10 Home Single Language; OS build 19042.1348; Version 2009; 64bit' Language: 'es' Physical Memory: 8068 MB
BatchMode: 1, IsHumanControllingUs: 0, StartBugReporterOnCrash: 0, Is64bit: 1, IsPro: 0

COMMAND LINE ARGUMENTS:
C:\Program Files\Unity\Hub\Editor\2020.3.17f1\Editor\Unity.exe
-adb2
-batchMode
-noUpm
-name
AssetImportWorker11
-projectPath
C:/Users/Windows/Documents/GitHub/PracticaUno-MotorDeVideojuegos
-logFile
Logs/AssetImportWorker11.log
-srvPort
63258
Successfully changed project path to: C:/Users/Windows/Documents/GitHub/PracticaUno-MotorDeVideojuegos
C:/Users/Windows/Documents/GitHub/PracticaUno-MotorDeVideojuegos
Using Asset Import Pipeline V2.
Refreshing native plugins compatible for Editor in 219.22 ms, found 2 plugins.
Preloading 0 native plugins for Editor in 0.00 ms.
Initialize engine version: 2020.3.17f1 (a4537701e4ab)
[Subsystems] Discovering subsystems at path C:/Program Files/Unity/Hub/Editor/2020.3.17f1/Editor/Data/Resources/UnitySubsystems
[Subsystems] Discovering subsystems at path C:/Users/Windows/Documents/GitHub/PracticaUno-MotorDeVideojuegos/Assets
GfxDevice: creating device client; threaded=0
Direct3D:
    Version:  Direct3D 11.0 [level 11.1]
    Renderer: Intel(R) UHD Graphics 620 (ID=0x3ea0)
    Vendor:   
    VRAM:     4034 MB
    Driver:   27.20.100.9664
Initialize mono
Mono path[0] = 'C:/Program Files/Unity/Hub/Editor/2020.3.17f1/Editor/Data/Managed'
Mono path[1] = 'C:/Program Files/Unity/Hub/Editor/2020.3.17f1/Editor/Data/MonoBleedingEdge/lib/mono/unityjit'
Mono config path = 'C:/Program Files/Unity/Hub/Editor/2020.3.17f1/Editor/Data/MonoBleedingEdge/etc'
Using monoOptions --debugger-agent=transport=dt_socket,embedding=1,server=y,suspend=n,address=127.0.0.1:56688
Begin MonoManager ReloadAssembly
Registering precompiled unity dll's ...
Register platform support module: C:/Program Files/Unity/Hub/Editor/2020.3.17f1/Editor/Data/PlaybackEngines/WebGLSupport/UnityEditor.WebGL.Extensions.dll
Register platform support module: C:/Program Files/Unity/Hub/Editor/2020.3.17f1/Editor/Data/PlaybackEngines/WindowsStandaloneSupport/UnityEditor.WindowsStandalone.Extensions.dll
Registered in 0.002324 seconds.
Native extension for WindowsStandalone target not found
Native extension for WebGL target not found
Refreshing native plugins compatible for Editor in 43.68 ms, found 2 plugins.
Preloading 0 native plugins for Editor in 0.00 ms.
Mono: successfully reloaded assembly
- Completed reload, in  2.122 seconds
Domain Reload Profiling:
	ReloadAssembly (2122ms)
		BeginReloadAssembly (58ms)
			ExecutionOrderSort (0ms)
			DisableScriptedObjects (0ms)
			BackupInstance (0ms)
			ReleaseScriptingObjects (0ms)
			CreateAndSetChildDomain (1ms)
		EndReloadAssembly (594ms)
			LoadAssemblies (99ms)
			RebuildTransferFunctionScriptingTraits (0ms)
			SetupTypeCache (208ms)
			ReleaseScriptCaches (0ms)
			RebuildScriptCaches (36ms)
			SetupLoadedEditorAssemblies (182ms)
				LogAssemblyErrors (0ms)
				InitializePlatformSupportModulesInManaged (5ms)
				SetLoadedEditorAssemblies (0ms)
				RefreshPlugins (44ms)
				BeforeProcessingInitializeOnLoad (10ms)
				ProcessInitializeOnLoadAttributes (90ms)
				ProcessInitializeOnLoadMethodAttributes (32ms)
				AfterProcessingInitializeOnLoad (0ms)
				EditorAssembliesLoaded (0ms)
			ExecutionOrderSort2 (0ms)
			AwakeInstancesAfterBackupRestoration (0ms)
Platform modules already initialized, skipping
Registering precompiled user dll's ...
Registered in 0.003780 seconds.
Begin MonoManager ReloadAssembly
Native extension for WindowsStandalone target not found
Native extension for WebGL target not found
Refreshing native plugins compatible for Editor in 44.81 ms, found 2 plugins.
Preloading 0 native plugins for Editor in 0.00 ms.
Mono: successfully reloaded assembly
- Completed reload, in  2.288 seconds
Domain Reload Profiling:
	ReloadAssembly (2289ms)
		BeginReloadAssembly (230ms)
			ExecutionOrderSort (0ms)
			DisableScriptedObjects (6ms)
			BackupInstance (0ms)
			ReleaseScriptingObjects (0ms)
			CreateAndSetChildDomain (68ms)
		EndReloadAssembly (1984ms)
			LoadAssemblies (96ms)
			RebuildTransferFunctionScriptingTraits (0ms)
			SetupTypeCache (443ms)
			ReleaseScriptCaches (0ms)
			RebuildScriptCaches (63ms)
			SetupLoadedEditorAssemblies (1159ms)
				LogAssemblyErrors (0ms)
				InitializePlatformSupportModulesInManaged (5ms)
				SetLoadedEditorAssemblies (0ms)
				RefreshPlugins (45ms)
				BeforeProcessingInitializeOnLoad (75ms)
				ProcessInitializeOnLoadAttributes (1018ms)
				ProcessInitializeOnLoadMethodAttributes (8ms)
				AfterProcessingInitializeOnLoad (6ms)
				EditorAssembliesLoaded (0ms)
			ExecutionOrderSort2 (0ms)
			AwakeInstancesAfterBackupRestoration (7ms)
Platform modules already initialized, skipping
========================================================================
Worker process is ready to serve import requests
Launched and connected shader compiler UnityShaderCompiler.exe after 2.02 seconds
Refreshing native plugins compatible for Editor in 0.41 ms, found 2 plugins.
Preloading 0 native plugins for Editor in 0.00 ms.
Unloading 1860 Unused Serialized files (Serialized files now loaded: 0)
System memory in use before: 83.4 MB.
System memory in use after: 83.5 MB.

Unloading 21 unused Assets to reduce memory usage. Loaded Objects now: 2297.
Total: 104.146900 ms (FindLiveObjects: 0.201300 ms CreateObjectMapping: 0.055400 ms MarkObjects: 78.158400 ms  DeleteObjects: 25.729300 ms)

AssetImportParameters requested are different than current active one (requested -> active):
  custom:framework-win-MediaFoundation: 216162199b28c13a410421893ffa2e32 -> 
  custom:video-decoder-ogg-theora: a1e56fd34408186e4bbccfd4996cb3dc -> 
  custom:container-muxer-webm: aa71ff27fc2769a1b78a27578f13a17b -> 
  custom:container-demuxer-webm: 4f35f7cbe854078d1ac9338744f61a02 -> 
  custom:container-demuxer-ogg: 62fdf1f143b41e24485cea50d1cbac27 -> 
  custom:video-encoder-webm-vp8: eb34c28f22e8b96e1ab97ce403110664 -> 
  custom:video-codec-MediaFoundation-h265: 746d11721c4dcdbdad8f713fa42b33f4 -> 
  custom:video-decoder-webm-vp8: 9c59270c3fd7afecdb556c50c9e8de78 -> 
  custom:audio-decoder-ogg-vorbis: bf7c407c2cedff20999df2af8eb42d56 -> 
  custom:audio-encoder-webm-vorbis: bf7c407c2cedff20999df2af8eb42d56 -> 
========================================================================
Received Import Request.
  path: Assets/Scripts/Volumen.cs
  artifactKey: Guid(25a87abf3ce4eac4d975e3379ceda33e) Importer(815301076,1909f56bfc062723c751e8b465ee728b)
Start importing Assets/Scripts/Volumen.cs using Guid(25a87abf3ce4eac4d975e3379ceda33e) Importer(815301076,1909f56bfc062723c751e8b465ee728b)  -> (artifact id: '4492d3c89f3581d9606ac474d681096b') in 0.505868 seconds 
  Import took 0.739852 seconds .

========================================================================
Received Import Request.
  Time since last request: 1459.814498 seconds.
  path: Assets/Scripts/Volumen.cs
  artifactKey: Guid(25a87abf3ce4eac4d975e3379ceda33e) Importer(815301076,1909f56bfc062723c751e8b465ee728b)
Start importing Assets/Scripts/Volumen.cs using Guid(25a87abf3ce4eac4d975e3379ceda33e) Importer(815301076,1909f56bfc062723c751e8b465ee728b)  -> (artifact id: '656c0e64cc96507065a39c6247fdd267') in 0.005565 seconds 
  Import took 0.341298 seconds .

========================================================================
Received Import Request.
  Time since last request: 527.000459 seconds.
  path: Assets/Imagenes
  artifactKey: Guid(49df750afe4b6174481ea159dfeb3c68) Importer(815301076,1909f56bfc062723c751e8b465ee728b)
Start importing Assets/Imagenes using Guid(49df750afe4b6174481ea159dfeb3c68) Importer(815301076,1909f56bfc062723c751e8b465ee728b)  -> (artifact id: '7269fdda7ac4e9454f8ecbd79e9673d8') in 0.114059 seconds 
  Import took 0.175463 seconds .

========================================================================
Received Import Request.
  Time since last request: 16.656126 seconds.
  path: Assets/Imagenes/noun_Mute_478062.png
  artifactKey: Guid(ed9f9f9116bc0a94f832de14b6336c7b) Importer(815301076,1909f56bfc062723c751e8b465ee728b)
Start importing Assets/Imagenes/noun_Mute_478062.png using Guid(ed9f9f9116bc0a94f832de14b6336c7b) Importer(815301076,1909f56bfc062723c751e8b465ee728b)  -> (artifact id: 'efa8c45e53ec0e5bdee0f1bcc5199ee1') in 1.746547 seconds 
  Import took 1.784767 seconds .

========================================================================
Received Import Request.
  Time since last request: 28.313294 seconds.
  path: Assets/Imagenes/noun_Mute_478062.png
  artifactKey: Guid(ed9f9f9116bc0a94f832de14b6336c7b) Importer(815301076,1909f56bfc062723c751e8b465ee728b)
Start importing Assets/Imagenes/noun_Mute_478062.png using Guid(ed9f9f9116bc0a94f832de14b6336c7b) Importer(815301076,1909f56bfc062723c751e8b465ee728b)  -> (artifact id: 'e72a3570d2213f95a2f5b784e5d24b24') in 0.327413 seconds 
  Import took 0.377731 seconds .

========================================================================
Received Import Request.
  Time since last request: 350.821849 seconds.
  path: Assets/Scripts/Volumen.cs
  artifactKey: Guid(25a87abf3ce4eac4d975e3379ceda33e) Importer(815301076,1909f56bfc062723c751e8b465ee728b)
Start importing Assets/Scripts/Volumen.cs using Guid(25a87abf3ce4eac4d975e3379ceda33e) Importer(815301076,1909f56bfc062723c751e8b465ee728b)  -> (artifact id: '4684fc7ac59931882db8c06e346b0b47') in 0.004547 seconds 
  Import took 0.097382 seconds .

========================================================================
Received Import Request.
  Time since last request: 4847.088985 seconds.
  path: Assets/StarterAssets/Mobile/UI/UI_Icon_Move.png
  artifactKey: Guid(ff7bfa7addf40784d86f62b8e4a034a6) Importer(815301076,1909f56bfc062723c751e8b465ee728b)
Start importing Assets/StarterAssets/Mobile/UI/UI_Icon_Move.png using Guid(ff7bfa7addf40784d86f62b8e4a034a6) Importer(815301076,1909f56bfc062723c751e8b465ee728b)  -> (artifact id: '816b37cf18fc7b7d986ec1b0a79e7c1d') in 0.468627 seconds 
  Import took 0.539552 seconds .

========================================================================
Received Import Request.
  Time since last request: 0.000377 seconds.
  path: Assets/StarterAssets/Mobile/UI/UI_Icon_Sprint.png
  artifactKey: Guid(b0fa70abd2a79904cb00b175dfd8ec7e) Importer(815301076,1909f56bfc062723c751e8b465ee728b)
Start importing Assets/StarterAssets/Mobile/UI/UI_Icon_Sprint.png using Guid(b0fa70abd2a79904cb00b175dfd8ec7e) Importer(815301076,1909f56bfc062723c751e8b465ee728b)  -> (artifact id: '96772262fe2907cc2689dc6d96db93a7') in 0.267364 seconds 
  Import took 0.271955 seconds .

========================================================================
Received Import Request.
  Time since last request: 115.118618 seconds.
  path: Assets/Scripts/Brillo.cs
  artifactKey: Guid(ecc0f3f90303200488bff84311b95614) Importer(815301076,1909f56bfc062723c751e8b465ee728b)
Start importing Assets/Scripts/Brillo.cs using Guid(ecc0f3f90303200488bff84311b95614) Importer(815301076,1909f56bfc062723c751e8b465ee728b)  -> (artifact id: 'ac527ac90875cb1d342d781355fd121e') in 0.063444 seconds 
  Import took 0.114214 seconds .

========================================================================
Received Import Request.
  Time since last request: 391.534343 seconds.
  path: Assets/Scripts/Brillo.cs
  artifactKey: Guid(ecc0f3f90303200488bff84311b95614) Importer(815301076,1909f56bfc062723c751e8b465ee728b)
Start importing Assets/Scripts/Brillo.cs using Guid(ecc0f3f90303200488bff84311b95614) Importer(815301076,1909f56bfc062723c751e8b465ee728b)  -> (artifact id: '6eb51c984dcf473a27dcf6cd93faa439') in 0.043065 seconds 
  Import took 0.073362 seconds .

========================================================================
Received Import Request.
  Time since last request: 362.160362 seconds.
  path: Assets/Scripts/Volumen.cs
  artifactKey: Guid(25a87abf3ce4eac4d975e3379ceda33e) Importer(815301076,1909f56bfc062723c751e8b465ee728b)
Start importing Assets/Scripts/Volumen.cs using Guid(25a87abf3ce4eac4d975e3379ceda33e) Importer(815301076,1909f56bfc062723c751e8b465ee728b)  -> (artifact id: '1df817695bff49e05e2beacc1bee073d') in 0.006710 seconds 
  Import took 0.033405 seconds .

========================================================================
Received Import Request.
  Time since last request: 600.031251 seconds.
  path: Assets/StarterAssets/Mobile/UI/UI_Icon_Jump.png
  artifactKey: Guid(751aa1b6637101946b2fdbb7aa27d6ad) Importer(815301076,1909f56bfc062723c751e8b465ee728b)
Start importing Assets/StarterAssets/Mobile/UI/UI_Icon_Jump.png using Guid(751aa1b6637101946b2fdbb7aa27d6ad) Importer(815301076,1909f56bfc062723c751e8b465ee728b)  -> (artifact id: '8d2fbf28f146fb1da816d93c68ff5918') in 0.459572 seconds 
  Import took 0.520475 seconds .

========================================================================
Received Import Request.
  Time since last request: 0.000280 seconds.
  path: Assets/StarterAssets/Mobile/UI/UI_Icon_Look.png
  artifactKey: Guid(af0ae2dbf3d1efb4f82af377950704a2) Importer(815301076,1909f56bfc062723c751e8b465ee728b)
Start importing Assets/StarterAssets/Mobile/UI/UI_Icon_Look.png using Guid(af0ae2dbf3d1efb4f82af377950704a2) Importer(815301076,1909f56bfc062723c751e8b465ee728b)  -> (artifact id: 'aec1a4dc9baf44ab3bcab55732136428') in 0.417434 seconds 
  Import took 0.439691 seconds .

========================================================================
Received Import Request.
  Time since last request: 0.000306 seconds.
  path: Assets/StarterAssets/Mobile/UI/UI_Circle_Bevel_Base.png
  artifactKey: Guid(b74c31d447d2f5d41a61081bdf5e7126) Importer(815301076,1909f56bfc062723c751e8b465ee728b)
Start importing Assets/StarterAssets/Mobile/UI/UI_Circle_Bevel_Base.png using Guid(b74c31d447d2f5d41a61081bdf5e7126) Importer(815301076,1909f56bfc062723c751e8b465ee728b)  -> (artifact id: 'fdebb9a09220bfe0055fbb6c37f85e54') in 0.412038 seconds 
  Import took 0.468825 seconds .

========================================================================
Received Import Request.
  Time since last request: 0.000271 seconds.
  path: Assets/StarterAssets/Mobile/UI/UI_Circle_Faded.png
  artifactKey: Guid(90ded0611e490aa4ba6961afbfc2280d) Importer(815301076,1909f56bfc062723c751e8b465ee728b)
Start importing Assets/StarterAssets/Mobile/UI/UI_Circle_Faded.png using Guid(90ded0611e490aa4ba6961afbfc2280d) Importer(815301076,1909f56bfc062723c751e8b465ee728b)  -> (artifact id: 'f19a590d9accea089994b0520b583f94') in 0.410436 seconds 
  Import took 0.437926 seconds .

