Using pre-set license
Built from '2020.3/staging' branch; Version is '2020.3.17f1 (a4537701e4ab) revision 10769271'; Using compiler version '192528614'; Build Type 'Release'
OS: 'Windows 10 Home Single Language; OS build 19042.1348; Version 2009; 64bit' Language: 'es' Physical Memory: 8068 MB
BatchMode: 1, IsHumanControllingUs: 0, StartBugReporterOnCrash: 0, Is64bit: 1, IsPro: 0

COMMAND LINE ARGUMENTS:
C:\Program Files\Unity\Hub\Editor\2020.3.17f1\Editor\Unity.exe
-adb2
-batchMode
-noUpm
-name
AssetImportWorker0
-projectPath
C:/Users/Windows/Documents/GitHub/PracticaUno-MotorDeVideojuegos
-logFile
Logs/AssetImportWorker0.log
-srvPort
63258
Successfully changed project path to: C:/Users/Windows/Documents/GitHub/PracticaUno-MotorDeVideojuegos
C:/Users/Windows/Documents/GitHub/PracticaUno-MotorDeVideojuegos
Using Asset Import Pipeline V2.
Refreshing native plugins compatible for Editor in 4036.04 ms, found 2 plugins.
Preloading 0 native plugins for Editor in 0.00 ms.
Initialize engine version: 2020.3.17f1 (a4537701e4ab)
[Subsystems] Discovering subsystems at path C:/Program Files/Unity/Hub/Editor/2020.3.17f1/Editor/Data/Resources/UnitySubsystems
[Subsystems] Discovering subsystems at path C:/Users/Windows/Documents/GitHub/PracticaUno-MotorDeVideojuegos/Assets
